<?xml version="1.0" encoding="UTF-8"?>
<testng-results ignored="0" total="1" passed="1" failed="0" skipped="0">
  <reporter-output>
  </reporter-output>
  <suite started-at="2021-02-28T02:20:58Z" name="Surefire suite" finished-at="2021-02-28T02:20:58Z" duration-ms="30">
    <groups>
    </groups>
    <test started-at="2021-02-28T02:20:58Z" name="Surefire test" finished-at="2021-02-28T02:20:58Z" duration-ms="30">
      <class name="com.org.sdet.selenium.com.org.sdet.selenium.AppTest">
        <test-method signature="shouldAnswerWithTrue()" started-at="2021-02-28T02:20:58Z" name="shouldAnswerWithTrue" finished-at="2021-02-28T02:20:58Z" duration-ms="4" status="PASS">
          <reporter-output>
          </reporter-output>
        </test-method> <!-- shouldAnswerWithTrue -->
      </class> <!-- com.org.sdet.selenium.com.org.sdet.selenium.AppTest -->
    </test> <!-- Surefire test -->
  </suite> <!-- Surefire suite -->
</testng-results>
