<?xml version="1.0" encoding="UTF-8"?>
<!-- Generated by org.testng.reporters.JUnitXMLReporter -->
<testsuite ignored="1" hostname="Kumars-MacBook-Pro.local" failures="0" tests="1" name="Validation of Eligibility Section" time="55.283" errors="0" timestamp="21 Apr 2021 01:03:39 GMT">
  <testcase classname="com.org.sdet.selenium.com.org.sdet.selenium.TestCases" name="validateGrantOptions" time="32.575"/>
  <testcase classname="com.org.sdet.selenium.com.org.sdet.selenium.TestCases" name="validateContactDetailsSection" time="0.0">
    <ignored/>
  </testcase> <!-- validateContactDetailsSection -->
</testsuite> <!-- Validation of Eligibility Section -->
